/home/harsha/Desktop/Datasets/DumData/val
AlexNet (
  (features): Sequential (
    (0): Conv2d(3, 64, kernel_size=(11, 11), stride=(4, 4), padding=(2, 2))
    (1): ReLU (inplace)
    (2): MaxPool2d (size=(3, 3), stride=(2, 2), dilation=(1, 1))
    (3): Conv2d(64, 192, kernel_size=(5, 5), stride=(1, 1), padding=(2, 2))
    (4): ReLU (inplace)
    (5): MaxPool2d (size=(3, 3), stride=(2, 2), dilation=(1, 1))
    (6): Conv2d(192, 384, kernel_size=(3, 3), stride=(1, 1), padding=(1, 1))
    (7): ReLU (inplace)
    (8): Conv2d(384, 256, kernel_size=(3, 3), stride=(1, 1), padding=(1, 1))
    (9): ReLU (inplace)
    (10): Conv2d(256, 256, kernel_size=(3, 3), stride=(1, 1), padding=(1, 1))
    (11): ReLU (inplace)
    (12): MaxPool2d (size=(3, 3), stride=(2, 2), dilation=(1, 1))
  )
  (classifier): Sequential (
    (0): Dropout (p = 0.5)
    (1): Linear (9216 -> 4096)
    (2): ReLU (inplace)
    (3): Dropout (p = 0.5)
    (4): Linear (4096 -> 4096)
    (5): ReLU (inplace)
    (6): Linear (4096 -> 1000)
  )
)
Batch: 1 Time: 0.289267063141
Batch: 2 Time: 0.00734996795654
Batch: 3 Time: 0.00727987289429
Batch: 4 Time: 0.00730013847351
Batch: 5 Time: 0.0072910785675
Batch: 6 Time: 0.00737810134888
Batch: 7 Time: 0.00741720199585
Batch: 8 Time: 0.00729608535767
Batch: 9 Time: 0.00730514526367
Batch: 10 Time: 0.00729894638062
Batch: 11 Time: 0.0072979927063
Batch: 12 Time: 0.00726413726807
Batch: 13 Time: 0.00723600387573
Batch: 14 Time: 0.00723195075989
Batch: 15 Time: 0.00727486610413
Batch: 16 Time: 0.00728487968445
Batch: 17 Time: 0.00726795196533
Batch: 18 Time: 0.00725889205933
Batch: 19 Time: 0.00721287727356
Batch: 20 Time: 0.00729703903198
